<?xml version="1.0" encoding="UTF-8"?>
<!-- Generated by org.testng.reporters.JUnitReportReporter -->
<testsuite hostname="DESKTOP-A3LSORJ" failures="0" tests="12" name="testcases.TestLoginPage" time="387.325" errors="0" timestamp="2024-10-14T18:37:21 BDT" skipped="0">
  <testcase classname="testcases.TestLoginPage" name="test_login_with_invalid_email" time="26.029"/>
  <testcase classname="testcases.TestLoginPage" name="test_login_with_without_credentials" time="28.275"/>
  <testcase classname="testcases.TestLoginPage" name="test_login_with_invalid_credentials" time="27.583"/>
  <testcase classname="testcases.TestLoginPage" name="test_login_with_without_email" time="22.694"/>
  <testcase classname="testcases.TestLoginPage" name="test_login_with_invalid_credentials" time="22.816"/>
  <testcase classname="testcases.TestLoginPage" name="test_login_with_without_password" time="21.897"/>
  <testcase classname="testcases.TestLoginPage" name="test_login_with_wrong_email" time="21.590"/>
  <testcase classname="testcases.TestLoginPage" name="test_login_with_invalid_credentials" time="17.814"/>
  <testcase classname="testcases.TestLoginPage" name="test_login_with_invalid_email_password" time="30.822"/>
  <testcase classname="testcases.TestLoginPage" name="test_login_with_invalid_password" time="106.197"/>
  <testcase classname="testcases.TestLoginPage" name="test_login_with_wrong_credentials" time="18.397"/>
  <testcase classname="testcases.TestLoginPage" name="test_login_with_valid_credentials" time="43.211"/>
</testsuite> <!-- testcases.TestLoginPage -->
