<?xml version="1.0" encoding="UTF-8"?>
<!-- Generated by org.testng.reporters.JUnitReportReporter -->
<testsuite hostname="DESKTOP-A3LSORJ" failures="0" tests="1" name="Testcases.TestHomePage" time="60.394" errors="0" timestamp="2024-08-02T22:02:05 BDT" skipped="0">
  <testcase classname="Testcases.TestHomePage" name="testHomePageTitle" time="60.394"/>
</testsuite> <!-- Testcases.TestHomePage -->
